root - WARNING - Traceback (most recent call last):
  File "C:\Users\Joe\Documents\GitHub\pyOsuV3\MainGame.py", line 125, in handleInput
    self.gsManager.cGamestate.mButtonDown()
AttributeError: 'gsMenu' object has no attribute 'mButtonDown'

root - WARNING - Traceback (most recent call last):
  File "C:\Users\Joe\Documents\GitHub\pyOsuV3\MainGame.py", line 111, in handleInput
    self.gsManager.cGamestate.mButtonUp()
AttributeError: 'gsMenu' object has no attribute 'mButtonUp'

root - WARNING - Traceback (most recent call last):
  File "C:\Users\Joe\Documents\GitHub\pyOsuV3\MainGame.py", line 125, in handleInput
    self.gsManager.cGamestate.mButtonDown()
AttributeError: 'gsMenu' object has no attribute 'mButtonDown'

root - WARNING - Traceback (most recent call last):
  File "C:\Users\Joe\Documents\GitHub\pyOsuV3\MainGame.py", line 111, in handleInput
    self.gsManager.cGamestate.mButtonUp()
AttributeError: 'gsMenu' object has no attribute 'mButtonUp'

root - WARNING - Traceback (most recent call last):
  File "C:\Users\Joe\Documents\GitHub\pyOsuV3\MainGame.py", line 102, in handleInput
    self.gsManager.mapInput(config.keyBindings[pygame.key.name(event.key).capitalize()])
KeyError: 'Left meta'

